2025-09-07 20:30:17 | INFO | Sent message to topic 'buzzline': [general] Lisa: Can someone help me with the quarterly sales dashboard?
2025-09-07 20:30:18 | INFO | Generated company message: [IT] Admin: Server maintenance scheduled for tonight at 9pm
2025-09-07 20:30:18 | INFO | Sent message to topic 'buzzline': [IT] Admin: Server maintenance scheduled for tonight at 9pm
2025-09-07 20:30:19 | INFO | Generated company message: [data-team] Alex: SQL query performance is slow on the warehouse today
2025-09-07 20:30:19 | INFO | Sent message to topic 'buzzline': [data-team] Alex: SQL query performance is slow on the warehouse today
2025-09-07 20:30:20 | INFO | Generated company message: [general] Tom: Meeting room B is available if anyone needs it
2025-09-07 20:30:20 | INFO | Sent message to topic 'buzzline': [general] Tom: Meeting room B is available if anyone needs it
2025-09-07 20:30:21 | INFO | Generated company message: [marketing] Jenny: New campaign analytics look promising!
2025-09-07 20:30:21 | INFO | Sent message to topic 'buzzline': [marketing] Jenny: New campaign analytics look promising!
2025-09-07 20:30:22 | INFO | Generated company message: [data-team] Chris: Pipeline is back up and running, data flowing normally
2025-09-07 20:30:22 | INFO | Sent message to topic 'buzzline': [data-team] Chris: Pipeline is back up and running, data flowing normally
2025-09-07 20:30:23 | INFO | Generated company message: [general] Sam: Free pizza in the break room!
2025-09-07 20:30:23 | INFO | Sent message to topic 'buzzline': [general] Sam: Free pizza in the break room!
2025-09-07 20:30:24 | INFO | Generated company message: [finance] Rachel: Need the monthly revenue dashboard updated
2025-09-07 20:30:24 | INFO | Sent message to topic 'buzzline': [finance] Rachel: Need the monthly revenue dashboard updated
2025-09-07 20:30:25 | INFO | Generated company message: [data-team] Taylor: Found a bug in the customer analytics report
2025-09-07 20:30:25 | INFO | Sent message to topic 'buzzline': [data-team] Taylor: Found a bug in the customer analytics report
2025-09-07 20:30:26 | INFO | Generated company message: [general] Pat: Does anyone have the WiFi password for guests?
2025-09-07 20:30:26 | INFO | Sent message to topic 'buzzline': [general] Pat: Does anyone have the WiFi password for guests?
2025-09-07 20:30:27 | INFO | Generated company message: [data-team] Jordan: New data source integration completed successfully
2025-09-07 20:30:27 | INFO | Sent message to topic 'buzzline': [data-team] Jordan: New data source integration completed successfully
2025-09-07 20:30:28 | INFO | Generated company message: [random] Casey: Weather is perfect for lunch outside today!
2025-09-07 20:30:28 | INFO | Sent message to topic 'buzzline': [random] Casey: Weather is perfect for lunch outside today!
2025-09-07 20:30:29 | INFO | Generated company message: [general] John: Anyone know why the coffee machine is broken again?
2025-09-07 20:30:29 | INFO | Sent message to topic 'buzzline': [general] John: Anyone know why the coffee machine is broken again?
2025-09-07 20:30:30 | INFO | Generated company message: [data-team] Sarah: The ETL pipeline failed this morning, investigating now
2025-09-07 20:30:30 | INFO | Sent message to topic 'buzzline': [data-team] Sarah: The ETL pipeline failed this morning, investigating now
2025-09-07 20:30:31 | INFO | Generated company message: [random] Mike: Happy Friday everyone! Weekend plans?
2025-09-07 20:30:31 | INFO | Sent message to topic 'buzzline': [random] Mike: Happy Friday everyone! Weekend plans?
2025-09-07 20:30:32 | INFO | Generated company message: [general] Lisa: Can someone help me with the quarterly sales dashboard?
2025-09-07 20:30:32 | INFO | Sent message to topic 'buzzline': [general] Lisa: Can someone help me with the quarterly sales dashboard?
2025-09-07 20:30:33 | INFO | Generated company message: [IT] Admin: Server maintenance scheduled for tonight at 9pm
2025-09-07 20:30:33 | INFO | Sent message to topic 'buzzline': [IT] Admin: Server maintenance scheduled for tonight at 9pm
2025-09-07 20:30:34 | INFO | Generated company message: [data-team] Alex: SQL query performance is slow on the warehouse today
2025-09-07 20:30:34 | INFO | Sent message to topic 'buzzline': [data-team] Alex: SQL query performance is slow on the warehouse today
2025-09-07 20:30:35 | INFO | Generated company message: [general] Tom: Meeting room B is available if anyone needs it
2025-09-07 20:30:35 | INFO | Sent message to topic 'buzzline': [general] Tom: Meeting room B is available if anyone needs it
2025-09-07 20:30:36 | INFO | Generated company message: [marketing] Jenny: New campaign analytics look promising!
2025-09-07 20:30:36 | INFO | Sent message to topic 'buzzline': [marketing] Jenny: New campaign analytics look promising!
2025-09-07 20:30:37 | INFO | Generated company message: [data-team] Chris: Pipeline is back up and running, data flowing normally
2025-09-07 20:30:37 | INFO | Sent message to topic 'buzzline': [data-team] Chris: Pipeline is back up and running, data flowing normally
2025-09-07 20:30:38 | INFO | Generated company message: [general] Sam: Free pizza in the break room!
2025-09-07 20:30:38 | INFO | Sent message to topic 'buzzline': [general] Sam: Free pizza in the break room!
2025-09-07 20:30:39 | INFO | Generated company message: [finance] Rachel: Need the monthly revenue dashboard updated
2025-09-07 20:30:39 | INFO | Sent message to topic 'buzzline': [finance] Rachel: Need the monthly revenue dashboard updated
2025-09-07 20:30:40 | INFO | Generated company message: [data-team] Taylor: Found a bug in the customer analytics report
2025-09-07 20:30:40 | INFO | Sent message to topic 'buzzline': [data-team] Taylor: Found a bug in the customer analytics report
2025-09-07 20:30:41 | INFO | Generated company message: [general] Pat: Does anyone have the WiFi password for guests?
2025-09-07 20:30:41 | INFO | Sent message to topic 'buzzline': [general] Pat: Does anyone have the WiFi password for guests?
2025-09-07 20:30:42 | INFO | Generated company message: [data-team] Jordan: New data source integration completed successfully
2025-09-07 20:30:42 | INFO | Sent message to topic 'buzzline': [data-team] Jordan: New data source integration completed successfully
2025-09-07 20:30:43 | INFO | Generated company message: [random] Casey: Weather is perfect for lunch outside today!
2025-09-07 20:30:43 | INFO | Sent message to topic 'buzzline': [random] Casey: Weather is perfect for lunch outside today!
2025-09-07 20:30:44 | INFO | Generated company message: [general] John: Anyone know why the coffee machine is broken again?
2025-09-07 20:30:44 | INFO | Sent message to topic 'buzzline': [general] John: Anyone know why the coffee machine is broken again?
2025-09-07 20:30:45 | INFO | Generated company message: [data-team] Sarah: The ETL pipeline failed this morning, investigating now
2025-09-07 20:30:45 | INFO | Sent message to topic 'buzzline': [data-team] Sarah: The ETL pipeline failed this morning, investigating now
2025-09-07 20:30:46 | INFO | Generated company message: [random] Mike: Happy Friday everyone! Weekend plans?
2025-09-07 20:30:46 | INFO | Sent message to topic 'buzzline': [random] Mike: Happy Friday everyone! Weekend plans?
2025-09-07 20:30:47 | INFO | Generated company message: [general] Lisa: Can someone help me with the quarterly sales dashboard?
2025-09-07 20:30:47 | INFO | Sent message to topic 'buzzline': [general] Lisa: Can someone help me with the quarterly sales dashboard?
2025-09-07 20:30:48 | INFO | Generated company message: [IT] Admin: Server maintenance scheduled for tonight at 9pm
2025-09-07 20:30:48 | INFO | Sent message to topic 'buzzline': [IT] Admin: Server maintenance scheduled for tonight at 9pm
2025-09-07 20:30:49 | INFO | Generated company message: [data-team] Alex: SQL query performance is slow on the warehouse today
2025-09-07 20:30:49 | INFO | Sent message to topic 'buzzline': [data-team] Alex: SQL query performance is slow on the warehouse today
2025-09-07 20:30:50 | INFO | Generated company message: [general] Tom: Meeting room B is available if anyone needs it
2025-09-07 20:30:50 | INFO | Sent message to topic 'buzzline': [general] Tom: Meeting room B is available if anyone needs it
2025-09-07 20:30:51 | INFO | Generated company message: [marketing] Jenny: New campaign analytics look promising!
2025-09-07 20:30:51 | INFO | Sent message to topic 'buzzline': [marketing] Jenny: New campaign analytics look promising!
2025-09-07 20:30:52 | INFO | Generated company message: [data-team] Chris: Pipeline is back up and running, data flowing normally
2025-09-07 20:30:52 | INFO | Sent message to topic 'buzzline': [data-team] Chris: Pipeline is back up and running, data flowing normally
2025-09-07 20:30:53 | INFO | Generated company message: [general] Sam: Free pizza in the break room!
2025-09-07 20:30:53 | INFO | Sent message to topic 'buzzline': [general] Sam: Free pizza in the break room!
2025-09-07 20:30:54 | INFO | Generated company message: [finance] Rachel: Need the monthly revenue dashboard updated
2025-09-07 20:30:54 | INFO | Sent message to topic 'buzzline': [finance] Rachel: Need the monthly revenue dashboard updated
2025-09-07 20:30:55 | INFO | Generated company message: [data-team] Taylor: Found a bug in the customer analytics report
2025-09-07 20:30:55 | INFO | Sent message to topic 'buzzline': [data-team] Taylor: Found a bug in the customer analytics report
2025-09-07 20:30:56 | INFO | Generated company message: [general] Pat: Does anyone have the WiFi password for guests?
2025-09-07 20:30:56 | INFO | Sent message to topic 'buzzline': [general] Pat: Does anyone have the WiFi password for guests?
2025-09-07 20:30:57 | INFO | Generated company message: [data-team] Jordan: New data source integration completed successfully
2025-09-07 20:30:57 | INFO | Sent message to topic 'buzzline': [data-team] Jordan: New data source integration completed successfully
2025-09-07 20:30:58 | INFO | Generated company message: [random] Casey: Weather is perfect for lunch outside today!
2025-09-07 20:30:58 | INFO | Sent message to topic 'buzzline': [random] Casey: Weather is perfect for lunch outside today!
2025-09-07 20:30:59 | INFO | Generated company message: [general] John: Anyone know why the coffee machine is broken again?
2025-09-07 20:30:59 | INFO | Sent message to topic 'buzzline': [general] John: Anyone know why the coffee machine is broken again?
2025-09-07 20:31:00 | INFO | Generated company message: [data-team] Sarah: The ETL pipeline failed this morning, investigating now
2025-09-07 20:31:00 | INFO | Sent message to topic 'buzzline': [data-team] Sarah: The ETL pipeline failed this morning, investigating now
2025-09-07 20:31:01 | INFO | Generated company message: [random] Mike: Happy Friday everyone! Weekend plans?
2025-09-07 20:31:01 | INFO | Sent message to topic 'buzzline': [random] Mike: Happy Friday everyone! Weekend plans?
2025-09-07 20:31:02 | INFO | Generated company message: [general] Lisa: Can someone help me with the quarterly sales dashboard?
2025-09-07 20:31:02 | INFO | Sent message to topic 'buzzline': [general] Lisa: Can someone help me with the quarterly sales dashboard?
2025-09-07 20:31:03 | INFO | Generated company message: [IT] Admin: Server maintenance scheduled for tonight at 9pm
2025-09-07 20:31:03 | INFO | Sent message to topic 'buzzline': [IT] Admin: Server maintenance scheduled for tonight at 9pm
2025-09-07 20:31:04 | INFO | Generated company message: [data-team] Alex: SQL query performance is slow on the warehouse today
2025-09-07 20:31:04 | INFO | Sent message to topic 'buzzline': [data-team] Alex: SQL query performance is slow on the warehouse today
2025-09-07 20:31:05 | INFO | Generated company message: [general] Tom: Meeting room B is available if anyone needs it
2025-09-07 20:31:05 | INFO | Sent message to topic 'buzzline': [general] Tom: Meeting room B is available if anyone needs it
2025-09-07 20:31:06 | INFO | Generated company message: [marketing] Jenny: New campaign analytics look promising!
2025-09-07 20:31:06 | INFO | Sent message to topic 'buzzline': [marketing] Jenny: New campaign analytics look promising!
2025-09-07 20:31:07 | INFO | Generated company message: [data-team] Chris: Pipeline is back up and running, data flowing normally
2025-09-07 20:31:07 | INFO | Sent message to topic 'buzzline': [data-team] Chris: Pipeline is back up and running, data flowing normally
2025-09-07 20:31:08 | INFO | Generated company message: [general] Sam: Free pizza in the break room!
2025-09-07 20:31:08 | INFO | Sent message to topic 'buzzline': [general] Sam: Free pizza in the break room!
2025-09-07 20:31:09 | INFO | Generated company message: [finance] Rachel: Need the monthly revenue dashboard updated
2025-09-07 20:31:09 | INFO | Sent message to topic 'buzzline': [finance] Rachel: Need the monthly revenue dashboard updated
2025-09-07 20:31:10 | INFO | Generated company message: [data-team] Taylor: Found a bug in the customer analytics report
2025-09-07 20:31:10 | INFO | Sent message to topic 'buzzline': [data-team] Taylor: Found a bug in the customer analytics report
2025-09-07 20:31:11 | INFO | Generated company message: [general] Pat: Does anyone have the WiFi password for guests?
2025-09-07 20:31:11 | INFO | Sent message to topic 'buzzline': [general] Pat: Does anyone have the WiFi password for guests?
2025-09-07 20:31:12 | INFO | Generated company message: [data-team] Jordan: New data source integration completed successfully
2025-09-07 20:31:12 | INFO | Sent message to topic 'buzzline': [data-team] Jordan: New data source integration completed successfully
2025-09-07 20:31:13 | INFO | Generated company message: [random] Casey: Weather is perfect for lunch outside today!
2025-09-07 20:31:13 | INFO | Sent message to topic 'buzzline': [random] Casey: Weather is perfect for lunch outside today!
2025-09-07 20:31:14 | INFO | Generated company message: [general] John: Anyone know why the coffee machine is broken again?
2025-09-07 20:31:14 | INFO | Sent message to topic 'buzzline': [general] John: Anyone know why the coffee machine is broken again?
2025-09-07 20:31:15 | INFO | Generated company message: [data-team] Sarah: The ETL pipeline failed this morning, investigating now
2025-09-07 20:31:15 | INFO | Sent message to topic 'buzzline': [data-team] Sarah: The ETL pipeline failed this morning, investigating now
2025-09-07 20:31:16 | INFO | Generated company message: [random] Mike: Happy Friday everyone! Weekend plans?
2025-09-07 20:31:16 | INFO | Sent message to topic 'buzzline': [random] Mike: Happy Friday everyone! Weekend plans?
2025-09-07 20:31:17 | INFO | Generated company message: [general] Lisa: Can someone help me with the quarterly sales dashboard?
2025-09-07 20:31:17 | INFO | Sent message to topic 'buzzline': [general] Lisa: Can someone help me with the quarterly sales dashboard?
2025-09-07 20:31:18 | INFO | Generated company message: [IT] Admin: Server maintenance scheduled for tonight at 9pm
2025-09-07 20:31:18 | INFO | Sent message to topic 'buzzline': [IT] Admin: Server maintenance scheduled for tonight at 9pm
2025-09-07 20:31:19 | INFO | Generated company message: [data-team] Alex: SQL query performance is slow on the warehouse today
2025-09-07 20:31:19 | INFO | Sent message to topic 'buzzline': [data-team] Alex: SQL query performance is slow on the warehouse today
2025-09-07 20:31:20 | INFO | Generated company message: [general] Tom: Meeting room B is available if anyone needs it
2025-09-07 20:31:20 | INFO | Sent message to topic 'buzzline': [general] Tom: Meeting room B is available if anyone needs it
2025-09-07 20:31:21 | INFO | Generated company message: [marketing] Jenny: New campaign analytics look promising!
2025-09-07 20:31:21 | INFO | Sent message to topic 'buzzline': [marketing] Jenny: New campaign analytics look promising!
2025-09-07 20:31:22 | INFO | Generated company message: [data-team] Chris: Pipeline is back up and running, data flowing normally
2025-09-07 20:31:22 | INFO | Sent message to topic 'buzzline': [data-team] Chris: Pipeline is back up and running, data flowing normally
2025-09-07 20:31:23 | INFO | Generated company message: [general] Sam: Free pizza in the break room!
2025-09-07 20:31:23 | INFO | Sent message to topic 'buzzline': [general] Sam: Free pizza in the break room!
2025-09-07 20:31:24 | INFO | Generated company message: [finance] Rachel: Need the monthly revenue dashboard updated
2025-09-07 20:31:24 | INFO | Sent message to topic 'buzzline': [finance] Rachel: Need the monthly revenue dashboard updated
2025-09-07 20:31:25 | INFO | Generated company message: [data-team] Taylor: Found a bug in the customer analytics report
2025-09-07 20:31:25 | INFO | Sent message to topic 'buzzline': [data-team] Taylor: Found a bug in the customer analytics report
2025-09-07 20:31:26 | INFO | Generated company message: [general] Pat: Does anyone have the WiFi password for guests?
2025-09-07 20:31:26 | INFO | Sent message to topic 'buzzline': [general] Pat: Does anyone have the WiFi password for guests?
2025-09-07 20:31:27 | INFO | Generated company message: [data-team] Jordan: New data source integration completed successfully
2025-09-07 20:31:27 | INFO | Sent message to topic 'buzzline': [data-team] Jordan: New data source integration completed successfully
2025-09-07 20:31:28 | INFO | Generated company message: [random] Casey: Weather is perfect for lunch outside today!
2025-09-07 20:31:28 | INFO | Sent message to topic 'buzzline': [random] Casey: Weather is perfect for lunch outside today!
2025-09-07 20:31:29 | INFO | Generated company message: [general] John: Anyone know why the coffee machine is broken again?
2025-09-07 20:31:29 | INFO | Sent message to topic 'buzzline': [general] John: Anyone know why the coffee machine is broken again?
2025-09-07 20:31:30 | INFO | Generated company message: [data-team] Sarah: The ETL pipeline failed this morning, investigating now
2025-09-07 20:31:30 | INFO | Sent message to topic 'buzzline': [data-team] Sarah: The ETL pipeline failed this morning, investigating now
2025-09-07 20:31:31 | INFO | Generated company message: [random] Mike: Happy Friday everyone! Weekend plans?
2025-09-07 20:31:31 | INFO | Sent message to topic 'buzzline': [random] Mike: Happy Friday everyone! Weekend plans?
2025-09-07 20:31:32 | INFO | Generated company message: [general] Lisa: Can someone help me with the quarterly sales dashboard?
2025-09-07 20:31:32 | INFO | Sent message to topic 'buzzline': [general] Lisa: Can someone help me with the quarterly sales dashboard?
2025-09-07 20:31:33 | INFO | Generated company message: [IT] Admin: Server maintenance scheduled for tonight at 9pm
2025-09-07 20:31:33 | INFO | Sent message to topic 'buzzline': [IT] Admin: Server maintenance scheduled for tonight at 9pm
2025-09-07 20:31:34 | INFO | Generated company message: [data-team] Alex: SQL query performance is slow on the warehouse today
2025-09-07 20:31:34 | INFO | Sent message to topic 'buzzline': [data-team] Alex: SQL query performance is slow on the warehouse today
2025-09-07 20:31:35 | INFO | Generated company message: [general] Tom: Meeting room B is available if anyone needs it
2025-09-07 20:31:35 | INFO | Sent message to topic 'buzzline': [general] Tom: Meeting room B is available if anyone needs it
2025-09-07 20:31:36 | INFO | Generated company message: [marketing] Jenny: New campaign analytics look promising!
2025-09-07 20:31:36 | INFO | Sent message to topic 'buzzline': [marketing] Jenny: New campaign analytics look promising!
2025-09-07 20:31:37 | INFO | Generated company message: [data-team] Chris: Pipeline is back up and running, data flowing normally
2025-09-07 20:31:37 | INFO | Sent message to topic 'buzzline': [data-team] Chris: Pipeline is back up and running, data flowing normally
2025-09-07 20:31:38 | INFO | Generated company message: [general] Sam: Free pizza in the break room!
2025-09-07 20:31:38 | INFO | Sent message to topic 'buzzline': [general] Sam: Free pizza in the break room!
2025-09-07 20:31:38 | WARNING | Producer interrupted by user.
2025-09-07 20:32:08 | INFO | Kafka producer closed.
2025-09-07 20:32:08 | INFO | END producer.
2025-09-07 20:36:56 | INFO | Logging to file: logs/project_log.log
2025-09-07 20:36:56 | INFO | Log sanitization enabled, personal info will be removed
2025-09-07 20:36:56 | INFO | START producer.
2025-09-07 20:36:56 | INFO | Loading environment variables from .env file...
2025-09-07 20:36:56 | INFO | Kafka broker address: localhost:9092
2025-09-07 20:36:56 | INFO | Kafka is ready. Brokers: {'throttle_time_ms': 0, 'brokers': [{'node_id': 1, 'host': 'localhost', 'port': 9092, 'rack': None}], 'cluster_id': 'djGz0duHS3amgaacz9_0BA', 'controller_id': 1}
2025-09-07 20:36:56 | INFO | Kafka topic: buzzline
2025-09-07 20:36:56 | INFO | Message interval: 1 seconds
2025-09-07 20:36:56 | INFO | Kafka broker address: localhost:9092
2025-09-07 20:36:56 | INFO | Connecting to Kafka broker at localhost:9092...
2025-09-07 20:36:57 | INFO | Kafka producer successfully created.
2025-09-07 20:36:57 | INFO | Kafka broker address: localhost:9092
2025-09-07 20:36:57 | INFO | Creating 'buzzline'.
2025-09-07 20:36:57 | INFO | Topic 'buzzline' created successfully.
2025-09-07 20:36:57 | INFO | Kafka topic 'buzzline' is ready.
2025-09-07 20:36:57 | INFO | Starting message production to topic 'buzzline'...
2025-09-07 20:36:57 | INFO | Generated company message: [general] John: Anyone know why the coffee machine is broken again?
2025-09-07 20:36:57 | INFO | Sent message to topic 'buzzline': [general] John: Anyone know why the coffee machine is broken again?
2025-09-07 20:36:58 | INFO | Generated company message: [data-team] Sarah: The ETL pipeline failed this morning, investigating now
2025-09-07 20:36:58 | INFO | Sent message to topic 'buzzline': [data-team] Sarah: The ETL pipeline failed this morning, investigating now
2025-09-07 20:36:59 | INFO | Generated company message: [random] Mike: Happy Friday everyone! Weekend plans?
2025-09-07 20:36:59 | INFO | Sent message to topic 'buzzline': [random] Mike: Happy Friday everyone! Weekend plans?
2025-09-07 20:37:00 | INFO | Generated company message: [general] Lisa: Can someone help me with the quarterly sales dashboard?
2025-09-07 20:37:00 | INFO | Sent message to topic 'buzzline': [general] Lisa: Can someone help me with the quarterly sales dashboard?
2025-09-07 20:37:01 | INFO | Generated company message: [IT] Admin: Server maintenance scheduled for tonight at 9pm
2025-09-07 20:37:01 | INFO | Sent message to topic 'buzzline': [IT] Admin: Server maintenance scheduled for tonight at 9pm
2025-09-07 20:37:02 | INFO | Generated company message: [data-team] Alex: SQL query performance is slow on the warehouse today
2025-09-07 20:37:02 | INFO | Sent message to topic 'buzzline': [data-team] Alex: SQL query performance is slow on the warehouse today
2025-09-07 20:37:03 | INFO | Generated company message: [general] Tom: Meeting room B is available if anyone needs it
2025-09-07 20:37:03 | INFO | Sent message to topic 'buzzline': [general] Tom: Meeting room B is available if anyone needs it
2025-09-07 20:37:04 | INFO | Generated company message: [marketing] Jenny: New campaign analytics look promising!
2025-09-07 20:37:04 | INFO | Sent message to topic 'buzzline': [marketing] Jenny: New campaign analytics look promising!
2025-09-07 20:37:05 | INFO | Generated company message: [data-team] Chris: Pipeline is back up and running, data flowing normally
2025-09-07 20:37:05 | INFO | Sent message to topic 'buzzline': [data-team] Chris: Pipeline is back up and running, data flowing normally
2025-09-07 20:37:06 | INFO | Generated company message: [general] Sam: Free pizza in the break room!
2025-09-07 20:37:06 | INFO | Sent message to topic 'buzzline': [general] Sam: Free pizza in the break room!
2025-09-07 20:37:07 | INFO | Generated company message: [finance] Rachel: Need the monthly revenue dashboard updated
2025-09-07 20:37:07 | INFO | Sent message to topic 'buzzline': [finance] Rachel: Need the monthly revenue dashboard updated
2025-09-07 20:37:08 | INFO | Generated company message: [data-team] Taylor: Found a bug in the customer analytics report
2025-09-07 20:37:08 | INFO | Sent message to topic 'buzzline': [data-team] Taylor: Found a bug in the customer analytics report
2025-09-07 20:37:09 | INFO | Generated company message: [general] Pat: Does anyone have the WiFi password for guests?
2025-09-07 20:37:09 | INFO | Sent message to topic 'buzzline': [general] Pat: Does anyone have the WiFi password for guests?
2025-09-07 20:37:10 | INFO | Generated company message: [data-team] Jordan: New data source integration completed successfully
2025-09-07 20:37:10 | INFO | Sent message to topic 'buzzline': [data-team] Jordan: New data source integration completed successfully
2025-09-07 20:37:11 | INFO | Generated company message: [random] Casey: Weather is perfect for lunch outside today!
2025-09-07 20:37:11 | INFO | Sent message to topic 'buzzline': [random] Casey: Weather is perfect for lunch outside today!
2025-09-07 20:37:12 | INFO | Generated company message: [general] John: Anyone know why the coffee machine is broken again?
2025-09-07 20:37:12 | INFO | Sent message to topic 'buzzline': [general] John: Anyone know why the coffee machine is broken again?
2025-09-07 20:37:12 | INFO | Logging to file: logs/project_log.log
2025-09-07 20:37:12 | INFO | Log sanitization enabled, personal info will be removed
2025-09-07 20:37:12 | INFO | START consumer.
2025-09-07 20:37:12 | INFO | Kafka topic: buzzline
2025-09-07 20:37:12 | INFO | Kafka consumer group id: default_group
2025-09-07 20:37:12 | INFO | Consumer: Topic 'buzzline' and group 'default_group'...
2025-09-07 20:37:12 | INFO | Kafka broker address: localhost:9092
2025-09-07 20:37:12 | INFO | Creating Kafka consumer. Topic='buzzline' and group ID='default_group'.
2025-09-07 20:37:12 | INFO | Kafka consumer created successfully.
2025-09-07 20:37:12 | INFO | Polling messages from topic 'buzzline'...
2025-09-07 20:37:13 | INFO | Generated company message: [data-team] Sarah: The ETL pipeline failed this morning, investigating now
2025-09-07 20:37:13 | INFO | Sent message to topic 'buzzline': [data-team] Sarah: The ETL pipeline failed this morning, investigating now
